#
# There is insufficient memory for the Java Runtime Environment to continue.
# Native memory allocation (mmap) failed to map 56623104 bytes. Error detail: G1 virtual space
# Possible reasons:
#   The system is out of physical RAM or swap space
#   This process is running with CompressedOops enabled, and the Java Heap may be blocking the growth of the native heap
# Possible solutions:
#   Reduce memory load on the system
#   Increase physical memory or swap space
#   Check if swap backing store is full
#   Decrease Java heap size (-Xmx/-Xms)
#   Decrease number of Java threads
#   Decrease Java thread stack sizes (-Xss)
#   Set larger code cache with -XX:ReservedCodeCacheSize=
#   JVM is running with Unscaled Compressed Oops mode in which the Java heap is
#     placed in the first 4GB address space. The Java Heap base address is the
#     maximum limit for the native heap growth. Please use -XX:HeapBaseMinAddress
#     to set the Java Heap base and to place the Java Heap above 4GB virtual address.
# This output file may be truncated or incomplete.
#
#  Out of Memory Error (os_windows.cpp:3825), pid=6016, tid=17072
#
# JRE version:  (17.0.11) (build )
# Java VM: OpenJDK 64-Bit Server VM (17.0.11+0--11852314, mixed mode, sharing, tiered, compressed oops, compressed class ptrs, g1 gc, windows-amd64)
# No core dump will be written. Minidumps are not enabled by default on client versions of Windows
#

---------------  S U M M A R Y ------------

Command Line: 

Host: AMD Ryzen 5 5500U with Radeon Graphics         , 12 cores, 3G,  Windows 11 , 64 bit Build 22621 (10.0.22621.3958)
Time: Thu Oct 31 22:18:05 2024 Hora est. Pacífico, Sudamérica elapsed time: 0.021459 seconds (0d 0h 0m 0s)

---------------  T H R E A D  ---------------

Current thread (0x000001889d4ec590):  JavaThread "Unknown thread" [_thread_in_vm, id=17072, stack(0x0000006dd5500000,0x0000006dd5600000)]

Stack: [0x0000006dd5500000,0x0000006dd5600000]
Native frames: (J=compiled Java code, j=interpreted, Vv=VM code, C=native code)
V  [jvm.dll+0x687bb9]
V  [jvm.dll+0x84142a]
V  [jvm.dll+0x8430ae]
V  [jvm.dll+0x843713]
V  [jvm.dll+0x24a35f]
V  [jvm.dll+0x684989]
V  [jvm.dll+0x67923a]
V  [jvm.dll+0x30af0b]
V  [jvm.dll+0x3123b6]
V  [jvm.dll+0x361dfe]
V  [jvm.dll+0x36202f]
V  [jvm.dll+0x2e0d38]
V  [jvm.dll+0x2e1ca4]
V  [jvm.dll+0x811f21]
V  [jvm.dll+0x36fb68]
V  [jvm.dll+0x7f0896]
V  [jvm.dll+0x3f3d2f]
V  [jvm.dll+0x3f58e1]
C  [jli.dll+0x528f]
C  [ucrtbase.dll+0x29333]
C  [KERNEL32.DLL+0x1257d]
C  [ntdll.dll+0x5af08]


---------------  P R O C E S S  ---------------

Threads class SMR info:
_java_thread_list=0x00007ff838c5efd8, length=0, elements={
}

Java Threads: ( => current thread )

Other Threads:
  0x000001889d523ac0 GCTaskThread "GC Thread#0" [stack: 0x0000006dd5600000,0x0000006dd5700000] [id=13436]
  0x000001889d52c5a0 ConcurrentGCThread "G1 Main Marker" [stack: 0x0000006dd5700000,0x0000006dd5800000] [id=13568]
  0x000001889d52dfe0 ConcurrentGCThread "G1 Conc#0" [stack: 0x0000006dd5800000,0x0000006dd5900000] [id=16712]

[error occurred during error reporting (printing all threads), id 0xc0000005, EXCEPTION_ACCESS_VIOLATION (0xc0000005) at pc=0x00007ff838411907]

VM state: not at safepoint (not fully initialized)

VM Mutex/Monitor currently owned by a thread:  ([mutex/lock_event])
[0x000001889d4e93d0] Heap_lock - owner thread: 0x000001889d4ec590

Heap address: 0x00000000ca400000, size: 860 MB, Compressed Oops mode: 32-bit

CDS archive(s) mapped at: [0x0000000000000000-0x0000000000000000-0x0000000000000000), size 0, SharedBaseAddress: 0x0000000800000000, ArchiveRelocationMode: 1.
Narrow klass base: 0x0000000000000000, Narrow klass shift: 0, Narrow klass range: 0x0

GC Precious Log:
<Empty>

Heap:
 garbage-first heap   total 0K, used 0K [0x00000000ca400000, 0x0000000100000000)
  region size 1024K, 0 young (0K), 0 survivors (0K)
 Metaspace       used 0K, committed 0K, reserved 0K
  class space    used 0K, committed 0K, reserved 0K

Heap Regions: E=young(eden), S=young(survivor), O=old, HS=humongous(starts), HC=humongous(continues), CS=collection set, F=free, OA=open archive, CA=closed archive, TAMS=top-at-mark-start (previous, next)

Card table byte_map: [0x00000188b00b0000,0x00000188b0260000] _byte_map_base: 0x00000188afa5e000

Marking Bits (Prev, Next): (CMBitMap*) 0x000001889d5240e0, (CMBitMap*) 0x000001889d524120
 Prev Bits: [0x00000188b0410000, 0x00000188b1180000)
 Next Bits: [0x00000188b1180000, 0x00000188b1ef0000)

GC Heap History (0 events):
No events

Dll operation events (1 events):
Event: 0.012 Loaded shared library C:\Program Files\Android\Android Studio\jbr\bin\java.dll

Deoptimization events (0 events):
No events

Classes unloaded (0 events):
No events

Classes redefined (0 events):
No events

Internal exceptions (0 events):
No events

VM Operations (0 events):
No events

Events (0 events):
No events


Dynamic libraries:
0x00007ff6877d0000 - 0x00007ff6877da000 	C:\Program Files\Android\Android Studio\jbr\bin\java.EXE
0x00007ff87ee30000 - 0x00007ff87f047000 	C:\WINDOWS\SYSTEM32\ntdll.dll
0x00007ff87d580000 - 0x00007ff87d644000 	C:\WINDOWS\System32\KERNEL32.DLL
0x00007ff87c1b0000 - 0x00007ff87c567000 	C:\WINDOWS\System32\KERNELBASE.dll
0x00007ff877d00000 - 0x00007ff877d97000 	C:\WINDOWS\SYSTEM32\apphelp.dll
0x00007ff87c570000 - 0x00007ff87c681000 	C:\WINDOWS\System32\ucrtbase.dll
0x00007ff843ec0000 - 0x00007ff843ed7000 	C:\Program Files\Android\Android Studio\jbr\bin\jli.dll
0x00007ff871830000 - 0x00007ff87184b000 	C:\Program Files\Android\Android Studio\jbr\bin\VCRUNTIME140.dll
0x00007ff87d680000 - 0x00007ff87d82f000 	C:\WINDOWS\System32\USER32.dll
0x00007ff87c690000 - 0x00007ff87c6b6000 	C:\WINDOWS\System32\win32u.dll
0x00007ff864860000 - 0x00007ff864af3000 	C:\WINDOWS\WinSxS\amd64_microsoft.windows.common-controls_6595b64144ccf1df_6.0.22621.3672_none_2713b9d173822955\COMCTL32.dll
0x00007ff87d650000 - 0x00007ff87d679000 	C:\WINDOWS\System32\GDI32.dll
0x00007ff87c990000 - 0x00007ff87caa8000 	C:\WINDOWS\System32\gdi32full.dll
0x00007ff87e220000 - 0x00007ff87e2c7000 	C:\WINDOWS\System32\msvcrt.dll
0x00007ff87c830000 - 0x00007ff87c8ca000 	C:\WINDOWS\System32\msvcp_win.dll
0x00007ff87d390000 - 0x00007ff87d3c1000 	C:\WINDOWS\System32\IMM32.DLL
0x00007ff874f10000 - 0x00007ff874f1c000 	C:\Program Files\Android\Android Studio\jbr\bin\vcruntime140_1.dll
0x00007ff860a80000 - 0x00007ff860b0d000 	C:\Program Files\Android\Android Studio\jbr\bin\msvcp140.dll
0x00007ff838120000 - 0x00007ff838da3000 	C:\Program Files\Android\Android Studio\jbr\bin\server\jvm.dll
0x00007ff87d1a0000 - 0x00007ff87d252000 	C:\WINDOWS\System32\ADVAPI32.dll
0x00007ff87cb60000 - 0x00007ff87cc08000 	C:\WINDOWS\System32\sechost.dll
0x00007ff87cb30000 - 0x00007ff87cb58000 	C:\WINDOWS\System32\bcrypt.dll
0x00007ff87e460000 - 0x00007ff87e574000 	C:\WINDOWS\System32\RPCRT4.dll
0x00007ff874420000 - 0x00007ff87442a000 	C:\WINDOWS\SYSTEM32\VERSION.dll
0x00007ff860fe0000 - 0x00007ff860fe9000 	C:\WINDOWS\SYSTEM32\WSOCK32.dll
0x00007ff878100000 - 0x00007ff878134000 	C:\WINDOWS\SYSTEM32\WINMM.dll
0x00007ff87c010000 - 0x00007ff87c05d000 	C:\WINDOWS\SYSTEM32\POWRPROF.dll
0x00007ff87d930000 - 0x00007ff87d9a1000 	C:\WINDOWS\System32\WS2_32.dll
0x00007ff87bff0000 - 0x00007ff87c003000 	C:\WINDOWS\SYSTEM32\UMPDC.dll
0x00007ff87b130000 - 0x00007ff87b148000 	C:\WINDOWS\SYSTEM32\kernel.appcore.dll
0x00007ff85d340000 - 0x00007ff85d34a000 	C:\Program Files\Android\Android Studio\jbr\bin\jimage.dll
0x00007ff879bb0000 - 0x00007ff879de2000 	C:\WINDOWS\SYSTEM32\DBGHELP.DLL
0x00007ff87e680000 - 0x00007ff87ea0e000 	C:\WINDOWS\System32\combase.dll
0x00007ff87e5a0000 - 0x00007ff87e677000 	C:\WINDOWS\System32\OLEAUT32.dll
0x00007ff85fb60000 - 0x00007ff85fb92000 	C:\WINDOWS\SYSTEM32\dbgcore.DLL
0x00007ff87cab0000 - 0x00007ff87cb2b000 	C:\WINDOWS\System32\bcryptPrimitives.dll
0x00007ff8439c0000 - 0x00007ff8439e5000 	C:\Program Files\Android\Android Studio\jbr\bin\java.dll

dbghelp: loaded successfully - version: 4.0.5 - missing functions: none
symbol engine: initialized successfully - sym options: 0x614 - pdb path: .;C:\Program Files\Android\Android Studio\jbr\bin;C:\WINDOWS\SYSTEM32;C:\WINDOWS\WinSxS\amd64_microsoft.windows.common-controls_6595b64144ccf1df_6.0.22621.3672_none_2713b9d173822955;C:\Program Files\Android\Android Studio\jbr\bin\server

VM Arguments:
java_command: <unknown>
java_class_path (initial): <not set>
Launcher Type: SUN_STANDARD

[Global flags]
     intx CICompilerCount                          = 4                                         {product} {ergonomic}
     uint ConcGCThreads                            = 3                                         {product} {ergonomic}
     uint G1ConcRefinementThreads                  = 10                                        {product} {ergonomic}
   size_t G1HeapRegionSize                         = 1048576                                   {product} {ergonomic}
    uintx GCDrainStackTargetSize                   = 64                                        {product} {ergonomic}
   size_t InitialHeapSize                          = 56623104                                  {product} {ergonomic}
   size_t MarkStackSize                            = 4194304                                   {product} {ergonomic}
   size_t MaxHeapSize                              = 901775360                                 {product} {ergonomic}
   size_t MinHeapDeltaBytes                        = 1048576                                   {product} {ergonomic}
   size_t MinHeapSize                              = 8388608                                   {product} {ergonomic}
    uintx NonNMethodCodeHeapSize                   = 5839372                                {pd product} {ergonomic}
    uintx NonProfiledCodeHeapSize                  = 122909434                              {pd product} {ergonomic}
    uintx ProfiledCodeHeapSize                     = 122909434                              {pd product} {ergonomic}
    uintx ReservedCodeCacheSize                    = 251658240                              {pd product} {ergonomic}
     bool SegmentedCodeCache                       = true                                      {product} {ergonomic}
   size_t SoftMaxHeapSize                          = 901775360                              {manageable} {ergonomic}
     bool UseCompressedClassPointers               = true                           {product lp64_product} {ergonomic}
     bool UseCompressedOops                        = true                           {product lp64_product} {ergonomic}
     bool UseG1GC                                  = true                                      {product} {ergonomic}
     bool UseLargePagesIndividualAllocation        = false                                  {pd product} {ergonomic}

Logging:
Log output configuration:
 #0: stdout all=warning uptime,level,tags
 #1: stderr all=off uptime,level,tags

Environment Variables:
PATH=C:\Program Files\Common Files\Oracle\Java\javapath;C:\Python312\Scripts\;C:\Python312\;C:\Program Files (x86)\Common Files\Intel\Shared Libraries\redist\intel64\compiler;C:\WINDOWS\system32;C:\WINDOWS;C:\WINDOWS\System32\Wbem;C:\WINDOWS\System32\WindowsPowerShell\v1.0\;C:\WINDOWS\System32\OpenSSH\;C:\Program Files\nodejs\;C:\ProgramData\chocolatey\bin;C:\Program Files\Java\jdk-22\;C:\Program Files\Git\cmd;C:\flutter\bin\cache\dart-sdk\bin;C:\flutter\bin;C:\abd\platform-tools;C:\Ruby33\bin;C:\Users\NICOLLE\AppData\Local\Microsoft\WindowsApps;C:\Users\NICOLLE\AppData\Local\Programs\Microsoft VS Code\bin;C:\ProgramData\NICOLLE\GitHubDesktop\bin;C:\Users\NICOLLE\AppData\Roaming\npm;C:\Program Files\Java\jdk-22\;C:\flutter\bin\cache\dart-sdk\bin;C:\flutter\bin;C:\abd\platform-tools;
USERNAME=NICOLLE
OS=Windows_NT
PROCESSOR_IDENTIFIER=AMD64 Family 23 Model 104 Stepping 1, AuthenticAMD
TMP=C:\Users\NICOLLE\AppData\Local\Temp
TEMP=C:\Users\NICOLLE\AppData\Local\Temp



Periodic native trim disabled

JNI global refs:
JNI global refs: 0, weak refs: 0

JNI global refs memory usage: 0, weak refs: 0

Process memory usage:
Resident Set Size: 12360K (0% of 3516744K total physical memory with 143424K free physical memory)

OOME stack traces (most recent first):
Classloader memory used:


---------------  S Y S T E M  ---------------

OS:
 Windows 11 , 64 bit Build 22621 (10.0.22621.3958)
OS uptime: 1 days 10:20 hours

CPU: total 12 (initial active 12) (12 cores per cpu, 2 threads per core) family 23 model 104 stepping 1 microcode 0x0, cx8, cmov, fxsr, ht, mmx, 3dnowpref, sse, sse2, sse3, ssse3, sse4a, sse4.1, sse4.2, popcnt, lzcnt, tsc, tscinvbit, avx, avx2, aes, clmul, bmi1, bmi2, adx, sha, fma, vzeroupper, clflush, clflushopt
Processor Information for all 12 processors :
  Max Mhz: 2100, Current Mhz: 2100, Mhz Limit: 2100

Memory: 4k page, system-wide physical 3434M (140M free)
TotalPageFile size 14186M (AvailPageFile size 35M)
current process WorkingSet (physical memory assigned to process): 12M, peak: 12M
current process commit charge ("private bytes"): 64M, peak: 118M

vm_info: OpenJDK 64-Bit Server VM (17.0.11+0--11852314) for windows-amd64 JRE (17.0.11+0--11852314), built on May 16 2024 21:29:20 by "androidbuild" with MS VC++ 16.10 / 16.11 (VS2019)

END.
